<?xml version="1.0" encoding="UTF-8"?>
<coverage generated="1689301166747" clover="3.2.0">
  <project timestamp="1689301166748" name="All files">
    <metrics statements="39" coveredstatements="35" conditionals="1" coveredconditionals="1" methods="19" coveredmethods="18" elements="59" coveredelements="54" complexity="0" loc="39" ncloc="39" packages="2" files="6" classes="6"/>
    <package name="classes">
      <metrics statements="35" coveredstatements="31" conditionals="1" coveredconditionals="1" methods="17" coveredmethods="16"/>
      <file name="discount.ts" path="C:\Users\LKF7\Documents\GIT\Ts_Jest\src\05_DIP_DEPENDENCY_INVERSION_PRINCIPLE\classes\discount.ts">
        <metrics statements="8" coveredstatements="8" conditionals="0" coveredconditionals="0" methods="4" coveredmethods="4"/>
        <line num="2" count="3" type="stmt"/>
        <line num="3" count="12" type="stmt"/>
        <line num="5" count="6" type="stmt"/>
        <line num="8" count="3" type="stmt"/>
        <line num="9" count="1" type="stmt"/>
        <line num="11" count="3" type="stmt"/>
        <line num="12" count="1" type="stmt"/>
        <line num="14" count="3" type="stmt"/>
      </file>
      <file name="order.ts" path="C:\Users\LKF7\Documents\GIT\Ts_Jest\src\05_DIP_DEPENDENCY_INVERSION_PRINCIPLE\classes\order.ts">
        <metrics statements="14" coveredstatements="10" conditionals="1" coveredconditionals="1" methods="3" coveredmethods="2"/>
        <line num="7" count="1" type="stmt"/>
        <line num="8" count="5" type="stmt"/>
        <line num="11" count="5" type="stmt"/>
        <line num="12" count="5" type="stmt"/>
        <line num="13" count="5" type="stmt"/>
        <line num="14" count="5" type="stmt"/>
        <line num="17" count="0" type="stmt"/>
        <line num="21" count="5" type="cond" truecount="1" falsecount="0"/>
        <line num="22" count="1" type="stmt"/>
        <line num="24" count="5" type="stmt"/>
        <line num="25" count="5" type="stmt"/>
        <line num="28" count="0" type="stmt"/>
        <line num="29" count="0" type="stmt"/>
        <line num="30" count="0" type="stmt"/>
      </file>
      <file name="product.ts" path="C:\Users\LKF7\Documents\GIT\Ts_Jest\src\05_DIP_DEPENDENCY_INVERSION_PRINCIPLE\classes\product.ts">
        <metrics statements="2" coveredstatements="2" conditionals="0" coveredconditionals="0" methods="1" coveredmethods="1"/>
        <line num="3" count="1" type="stmt"/>
        <line num="4" count="1" type="stmt"/>
      </file>
      <file name="shopping_cart.ts" path="C:\Users\LKF7\Documents\GIT\Ts_Jest\src\05_DIP_DEPENDENCY_INVERSION_PRINCIPLE\classes\shopping_cart.ts">
        <metrics statements="11" coveredstatements="11" conditionals="0" coveredconditionals="0" methods="9" coveredmethods="9"/>
        <line num="5" count="2" type="stmt"/>
        <line num="6" count="9" type="stmt"/>
        <line num="7" count="9" type="stmt"/>
        <line num="9" count="12" type="stmt"/>
        <line num="13" count="2" type="stmt"/>
        <line num="17" count="11" type="stmt"/>
        <line num="21" count="10" type="stmt"/>
        <line num="24" count="3" type="stmt"/>
        <line num="27" count="4" type="stmt"/>
        <line num="31" count="1" type="stmt"/>
        <line num="32" count="1" type="stmt"/>
      </file>
    </package>
    <package name="service">
      <metrics statements="4" coveredstatements="4" conditionals="0" coveredconditionals="0" methods="2" coveredmethods="2"/>
      <file name="message.ts" path="C:\Users\LKF7\Documents\GIT\Ts_Jest\src\05_DIP_DEPENDENCY_INVERSION_PRINCIPLE\service\message.ts">
        <metrics statements="2" coveredstatements="2" conditionals="0" coveredconditionals="0" methods="1" coveredmethods="1"/>
        <line num="3" count="1" type="stmt"/>
        <line num="5" count="3" type="stmt"/>
      </file>
      <file name="persistency.ts" path="C:\Users\LKF7\Documents\GIT\Ts_Jest\src\05_DIP_DEPENDENCY_INVERSION_PRINCIPLE\service\persistency.ts">
        <metrics statements="2" coveredstatements="2" conditionals="0" coveredconditionals="0" methods="1" coveredmethods="1"/>
        <line num="1" count="1" type="stmt"/>
        <line num="3" count="3" type="stmt"/>
      </file>
    </package>
  </project>
</coverage>
