{"C:\\Users\\LKF7\\Documents\\GIT\\Ts_Jest\\src\\05_DIP_DEPENDENCY_INVERSION_PRINCIPLE\\classes\\discount.ts": {"path":"C:\\Users\\LKF7\\Documents\\GIT\\Ts_Jest\\src\\05_DIP_DEPENDENCY_INVERSION_PRINCIPLE\\classes\\discount.ts","statementMap":{"0":{"start":{"line":3,"column":12},"end":{"line":3,"column":25}},"1":{"start":{"line":5,"column":4},"end":{"line":5,"column":41}},"2":{"start":{"line":2,"column":0},"end":{"line":2,"column":22}},"3":{"start":{"line":9,"column":21},"end":{"line":9,"column":36}},"4":{"start":{"line":8,"column":0},"end":{"line":8,"column":13}},"5":{"start":{"line":12,"column":21},"end":{"line":12,"column":36}},"6":{"start":{"line":11,"column":0},"end":{"line":11,"column":13}},"7":{"start":{"line":14,"column":0},"end":{"line":14,"column":13}}},"fnMap":{"0":{"name":"(anonymous_0)","decl":{"start":{"line":2,"column":0},"end":{"line":2,"column":22}},"loc":{"start":{"line":2,"column":0},"end":{"line":7,"column":1}}},"1":{"name":"(anonymous_1)","decl":{"start":{"line":4,"column":2},"end":{"line":4,"column":11}},"loc":{"start":{"line":4,"column":25},"end":{"line":6,"column":3}}},"2":{"name":"(anonymous_2)","decl":{"start":{"line":8,"column":0},"end":{"line":8,"column":13}},"loc":{"start":{"line":8,"column":0},"end":{"line":10,"column":1}}},"3":{"name":"(anonymous_3)","decl":{"start":{"line":11,"column":0},"end":{"line":11,"column":13}},"loc":{"start":{"line":11,"column":0},"end":{"line":13,"column":1}}}},"branchMap":{},"s":{"0":12,"1":6,"2":3,"3":1,"4":3,"5":1,"6":3,"7":3},"f":{"0":12,"1":6,"2":1,"3":1},"b":{}}
,"C:\\Users\\LKF7\\Documents\\GIT\\Ts_Jest\\src\\05_DIP_DEPENDENCY_INVERSION_PRINCIPLE\\classes\\order.ts": {"path":"C:\\Users\\LKF7\\Documents\\GIT\\Ts_Jest\\src\\05_DIP_DEPENDENCY_INVERSION_PRINCIPLE\\classes\\order.ts","statementMap":{"0":{"start":{"line":11,"column":21},"end":{"line":11,"column":47}},"1":{"start":{"line":12,"column":21},"end":{"line":12,"column":49}},"2":{"start":{"line":13,"column":21},"end":{"line":13,"column":53}},"3":{"start":{"line":14,"column":21},"end":{"line":14,"column":44}},"4":{"start":{"line":8,"column":10},"end":{"line":8,"column":45}},"5":{"start":{"line":17,"column":4},"end":{"line":17,"column":29}},"6":{"start":{"line":21,"column":4},"end":{"line":23,"column":null}},"7":{"start":{"line":22,"column":6},"end":{"line":22,"column":47}},"8":{"start":{"line":24,"column":4},"end":{"line":24,"column":33}},"9":{"start":{"line":25,"column":4},"end":{"line":27,"column":6}},"10":{"start":{"line":28,"column":4},"end":{"line":28,"column":33}},"11":{"start":{"line":29,"column":4},"end":{"line":29,"column":22}},"12":{"start":{"line":30,"column":4},"end":{"line":34,"column":6}},"13":{"start":{"line":7,"column":0},"end":{"line":7,"column":13}}},"fnMap":{"0":{"name":"(anonymous_0)","decl":{"start":{"line":9,"column":2},"end":{"line":9,"column":null}},"loc":{"start":{"line":14,"column":44},"end":{"line":15,"column":6}}},"1":{"name":"(anonymous_1)","decl":{"start":{"line":16,"column":2},"end":{"line":16,"column":6}},"loc":{"start":{"line":16,"column":17},"end":{"line":18,"column":3}}},"2":{"name":"(anonymous_2)","decl":{"start":{"line":20,"column":2},"end":{"line":20,"column":10}},"loc":{"start":{"line":20,"column":10},"end":{"line":35,"column":3}}}},"branchMap":{"0":{"loc":{"start":{"line":21,"column":4},"end":{"line":23,"column":null}},"type":"if","locations":[{"start":{"line":21,"column":4},"end":{"line":23,"column":null}}]}},"s":{"0":5,"1":5,"2":5,"3":5,"4":5,"5":0,"6":5,"7":1,"8":5,"9":5,"10":0,"11":0,"12":0,"13":1},"f":{"0":5,"1":0,"2":5},"b":{"0":[1]}}
,"C:\\Users\\LKF7\\Documents\\GIT\\Ts_Jest\\src\\05_DIP_DEPENDENCY_INVERSION_PRINCIPLE\\classes\\product.ts": {"path":"C:\\Users\\LKF7\\Documents\\GIT\\Ts_Jest\\src\\05_DIP_DEPENDENCY_INVERSION_PRINCIPLE\\classes\\product.ts","statementMap":{"0":{"start":{"line":4,"column":21},"end":{"line":4,"column":33}},"1":{"start":{"line":4,"column":42},"end":{"line":4,"column":55}},"2":{"start":{"line":3,"column":0},"end":{"line":3,"column":13}}},"fnMap":{"0":{"name":"(anonymous_0)","decl":{"start":{"line":4,"column":2},"end":{"line":4,"column":21}},"loc":{"start":{"line":4,"column":55},"end":{"line":4,"column":59}}}},"branchMap":{},"s":{"0":1,"1":1,"2":1},"f":{"0":1},"b":{}}
,"C:\\Users\\LKF7\\Documents\\GIT\\Ts_Jest\\src\\05_DIP_DEPENDENCY_INVERSION_PRINCIPLE\\classes\\shopping_cart.ts": {"path":"C:\\Users\\LKF7\\Documents\\GIT\\Ts_Jest\\src\\05_DIP_DEPENDENCY_INVERSION_PRINCIPLE\\classes\\shopping_cart.ts","statementMap":{"0":{"start":{"line":7,"column":31},"end":{"line":7,"column":49}},"1":{"start":{"line":6,"column":19},"end":{"line":6,"column":43}},"2":{"start":{"line":9,"column":4},"end":{"line":9,"column":27}},"3":{"start":{"line":13,"column":4},"end":{"line":13,"column":33}},"4":{"start":{"line":17,"column":4},"end":{"line":17,"column":23}},"5":{"start":{"line":21,"column":4},"end":{"line":21,"column":77}},"6":{"start":{"line":21,"column":45},"end":{"line":21,"column":61}},"7":{"start":{"line":24,"column":4},"end":{"line":24,"column":49}},"8":{"start":{"line":27,"column":4},"end":{"line":27,"column":36}},"9":{"start":{"line":31,"column":4},"end":{"line":31,"column":62}},"10":{"start":{"line":32,"column":4},"end":{"line":32,"column":27}},"11":{"start":{"line":5,"column":0},"end":{"line":5,"column":13}}},"fnMap":{"0":{"name":"(anonymous_0)","decl":{"start":{"line":7,"column":2},"end":{"line":7,"column":31}},"loc":{"start":{"line":7,"column":49},"end":{"line":7,"column":53}}},"1":{"name":"(anonymous_1)","decl":{"start":{"line":8,"column":2},"end":{"line":8,"column":9}},"loc":{"start":{"line":8,"column":24},"end":{"line":10,"column":3}}},"2":{"name":"(anonymous_2)","decl":{"start":{"line":12,"column":2},"end":{"line":12,"column":12}},"loc":{"start":{"line":12,"column":26},"end":{"line":14,"column":3}}},"3":{"name":"(anonymous_3)","decl":{"start":{"line":16,"column":2},"end":{"line":16,"column":6}},"loc":{"start":{"line":16,"column":11},"end":{"line":18,"column":3}}},"4":{"name":"(anonymous_4)","decl":{"start":{"line":20,"column":2},"end":{"line":20,"column":7}},"loc":{"start":{"line":20,"column":7},"end":{"line":22,"column":3}}},"5":{"name":"(anonymous_5)","decl":{"start":{"line":21,"column":30},"end":{"line":21,"column":31}},"loc":{"start":{"line":21,"column":45},"end":{"line":21,"column":61}}},"6":{"name":"(anonymous_6)","decl":{"start":{"line":23,"column":2},"end":{"line":23,"column":19}},"loc":{"start":{"line":23,"column":19},"end":{"line":25,"column":3}}},"7":{"name":"(anonymous_7)","decl":{"start":{"line":26,"column":2},"end":{"line":26,"column":9}},"loc":{"start":{"line":26,"column":9},"end":{"line":28,"column":3}}},"8":{"name":"(anonymous_8)","decl":{"start":{"line":30,"column":2},"end":{"line":30,"column":7}},"loc":{"start":{"line":30,"column":7},"end":{"line":33,"column":3}}}},"branchMap":{},"s":{"0":9,"1":9,"2":12,"3":2,"4":11,"5":5,"6":10,"7":3,"8":4,"9":1,"10":1,"11":2},"f":{"0":9,"1":12,"2":2,"3":11,"4":5,"5":10,"6":3,"7":4,"8":1},"b":{}}
,"C:\\Users\\LKF7\\Documents\\GIT\\Ts_Jest\\src\\05_DIP_DEPENDENCY_INVERSION_PRINCIPLE\\service\\message.ts": {"path":"C:\\Users\\LKF7\\Documents\\GIT\\Ts_Jest\\src\\05_DIP_DEPENDENCY_INVERSION_PRINCIPLE\\service\\message.ts","statementMap":{"0":{"start":{"line":5,"column":4},"end":{"line":5,"column":43}},"1":{"start":{"line":3,"column":0},"end":{"line":3,"column":13}}},"fnMap":{"0":{"name":"(anonymous_0)","decl":{"start":{"line":4,"column":2},"end":{"line":4,"column":13}},"loc":{"start":{"line":4,"column":25},"end":{"line":6,"column":3}}}},"branchMap":{},"s":{"0":3,"1":1},"f":{"0":3},"b":{}}
,"C:\\Users\\LKF7\\Documents\\GIT\\Ts_Jest\\src\\05_DIP_DEPENDENCY_INVERSION_PRINCIPLE\\service\\persistency.ts": {"path":"C:\\Users\\LKF7\\Documents\\GIT\\Ts_Jest\\src\\05_DIP_DEPENDENCY_INVERSION_PRINCIPLE\\service\\persistency.ts","statementMap":{"0":{"start":{"line":3,"column":4},"end":{"line":3,"column":45}},"1":{"start":{"line":1,"column":0},"end":{"line":1,"column":13}}},"fnMap":{"0":{"name":"(anonymous_0)","decl":{"start":{"line":2,"column":2},"end":{"line":2,"column":11}},"loc":{"start":{"line":2,"column":11},"end":{"line":4,"column":3}}}},"branchMap":{},"s":{"0":3,"1":1},"f":{"0":3},"b":{}}
}
