TN:
SF:src\05_DIP_DEPENDENCY_INVERSION_PRINCIPLE\classes\discount.ts
FN:2,(anonymous_0)
FN:4,(anonymous_1)
FN:8,(anonymous_2)
FN:11,(anonymous_3)
FNF:4
FNH:4
FNDA:12,(anonymous_0)
FNDA:6,(anonymous_1)
FNDA:1,(anonymous_2)
FNDA:1,(anonymous_3)
DA:2,3
DA:3,12
DA:5,6
DA:8,3
DA:9,1
DA:11,3
DA:12,1
DA:14,3
LF:8
LH:8
BRF:0
BRH:0
end_of_record
TN:
SF:src\05_DIP_DEPENDENCY_INVERSION_PRINCIPLE\classes\order.ts
FN:9,(anonymous_0)
FN:16,(anonymous_1)
FN:20,(anonymous_2)
FNF:3
FNH:2
FNDA:5,(anonymous_0)
FNDA:0,(anonymous_1)
FNDA:5,(anonymous_2)
DA:7,1
DA:8,5
DA:11,5
DA:12,5
DA:13,5
DA:14,5
DA:17,0
DA:21,5
DA:22,1
DA:24,5
DA:25,5
DA:28,0
DA:29,0
DA:30,0
LF:14
LH:10
BRDA:21,0,0,1
BRF:1
BRH:1
end_of_record
TN:
SF:src\05_DIP_DEPENDENCY_INVERSION_PRINCIPLE\classes\product.ts
FN:4,(anonymous_0)
FNF:1
FNH:1
FNDA:1,(anonymous_0)
DA:3,1
DA:4,1
LF:2
LH:2
BRF:0
BRH:0
end_of_record
TN:
SF:src\05_DIP_DEPENDENCY_INVERSION_PRINCIPLE\classes\shopping_cart.ts
FN:7,(anonymous_0)
FN:8,(anonymous_1)
FN:12,(anonymous_2)
FN:16,(anonymous_3)
FN:20,(anonymous_4)
FN:21,(anonymous_5)
FN:23,(anonymous_6)
FN:26,(anonymous_7)
FN:30,(anonymous_8)
FNF:9
FNH:9
FNDA:9,(anonymous_0)
FNDA:12,(anonymous_1)
FNDA:2,(anonymous_2)
FNDA:11,(anonymous_3)
FNDA:5,(anonymous_4)
FNDA:10,(anonymous_5)
FNDA:3,(anonymous_6)
FNDA:4,(anonymous_7)
FNDA:1,(anonymous_8)
DA:5,2
DA:6,9
DA:7,9
DA:9,12
DA:13,2
DA:17,11
DA:21,10
DA:24,3
DA:27,4
DA:31,1
DA:32,1
LF:11
LH:11
BRF:0
BRH:0
end_of_record
TN:
SF:src\05_DIP_DEPENDENCY_INVERSION_PRINCIPLE\service\message.ts
FN:4,(anonymous_0)
FNF:1
FNH:1
FNDA:3,(anonymous_0)
DA:3,1
DA:5,3
LF:2
LH:2
BRF:0
BRH:0
end_of_record
TN:
SF:src\05_DIP_DEPENDENCY_INVERSION_PRINCIPLE\service\persistency.ts
FN:2,(anonymous_0)
FNF:1
FNH:1
FNDA:3,(anonymous_0)
DA:1,1
DA:3,3
LF:2
LH:2
BRF:0
BRH:0
end_of_record
